<?xml version="1.0" encoding="UTF-8"?>
<!-- Generated by org.testng.reporters.JUnitReportReporter -->
<testsuite skipped="0" hostname="DESKTOP-4LL8BSJ" name="com.inetbankingV1.TestCases.TC_001_Login_functionality" tests="1" failures="0" timestamp="17 Feb 2019 15:47:23 GMT" time="15.867" errors="0">
  <testcase name="successullogin" time="15.867" classname="com.inetbankingV1.TestCases.TC_001_Login_functionality"/>
</testsuite> <!-- com.inetbankingV1.TestCases.TC_001_Login_functionality -->
